<?xml version="1.0" encoding="UTF-8"?>
<beans xmlns="http://www.springframework.org/schema/beans"
    xmlns:context="http://www.springframework.org/schema/context"
    xmlns:xsi="http://www.w3.org/2001/XMLSchema-instance"
    xsi:schemaLocation="
		http://www.springframework.org/schema/beans 
		http://www.springframework.org/schema/beans/spring-beans-3.2.xsd
    	http://www.springframework.org/schema/context
		http://www.springframework.org/schema/context/spring-context-3.2.xsd
	">

    <context:property-placeholder
        location="classpath:context/test-xml.properties" />

    <bean id="xmlPath" class="java.lang.String">
        <constructor-arg index="0" type="java.lang.String"
            value="${xml.integer.noValidates.path}" />
    </bean>

    <bean id="reader" class="com.wandrell.pattern.testing.util.ResourceUtils"
        factory-method="getClassPathReader">
        <constructor-arg index="0" value="${xml.dtd.path}" />
    </bean>

    <bean id="parser"
        class="com.wandrell.pattern.parser.xml.ValidatedXMLFileParser">
        <constructor-arg index="0" value="DTD" />
        <constructor-arg index="1" ref="reader" />
    </bean>

</beans>
